<?xml version="1.0" encoding="UTF-8"?>
<testng-results ignored="0" total="1" passed="1" failed="0" skipped="0">
  <reporter-output>
  </reporter-output>
  <suite started-at="2024-08-28T00:54:49 IST" name="Default suite" finished-at="2024-08-28T00:54:56 IST" duration-ms="7185">
    <groups>
    </groups>
    <test started-at="2024-08-28T00:54:49 IST" name="Default test" finished-at="2024-08-28T00:54:56 IST" duration-ms="7185">
      <class name="testCases.TC001_AccountRegistrationTest">
        <test-method is-config="true" signature="setup()[pri:0, instance:testCases.TC001_AccountRegistrationTest@35dab4eb]" started-at="2024-08-28T00:54:49 IST" name="setup" finished-at="2024-08-28T00:54:54 IST" duration-ms="4676" status="PASS">
          <reporter-output>
          </reporter-output>
        </test-method> <!-- setup -->
        <test-method signature="verifyRegistration()[pri:0, instance:testCases.TC001_AccountRegistrationTest@35dab4eb]" started-at="2024-08-28T00:54:54 IST" name="verifyRegistration" finished-at="2024-08-28T00:54:56 IST" duration-ms="2127" status="PASS">
          <reporter-output>
          </reporter-output>
        </test-method> <!-- verifyRegistration -->
        <test-method is-config="true" signature="tearDown()[pri:0, instance:testCases.TC001_AccountRegistrationTest@35dab4eb]" started-at="2024-08-28T00:54:56 IST" name="tearDown" finished-at="2024-08-28T00:54:56 IST" duration-ms="311" status="PASS">
          <reporter-output>
          </reporter-output>
        </test-method> <!-- tearDown -->
      </class> <!-- testCases.TC001_AccountRegistrationTest -->
    </test> <!-- Default test -->
  </suite> <!-- Default suite -->
</testng-results>
